TN:
SF:src/tokens/ERC20/ERC20.sol
FN:24,ERC20.allowance
FNDA:0,ERC20.allowance
DA:28,0
FN:40,ERC20.balanceOf
FNDA:0,ERC20.balanceOf
DA:44,0
FN:47,ERC20.totalSupply
FNDA:0,ERC20.totalSupply
DA:48,0
FNF:3
FNH:0
LF:3
LH:0
BRF:0
BRH:0
end_of_record
TN:
SF:src/tokens/ERC721/ERC721.sol
FN:34,ERC721.balanceOf
FNDA:0,ERC721.balanceOf
DA:35,0
BRDA:35,0,1,-
BRDA:35,0,0,-
DA:36,0
FN:39,ERC721.ownerOf
FNDA:0,ERC721.ownerOf
DA:40,0
DA:41,0
BRDA:41,1,1,-
BRDA:41,1,0,-
FN:53,ERC721.approve
FNDA:0,ERC721.approve
DA:56,0
DA:57,0
BRDA:57,2,1,-
BRDA:57,2,0,-
DA:63,0
DA:64,0
FN:67,ERC721.setApproveForAll
FNDA:0,ERC721.setApproveForAll
DA:70,0
DA:71,0
FN:74,ERC721.safeTransferFrom
FNDA:0,ERC721.safeTransferFrom
DA:77,0
DA:78,0
BRDA:78,3,1,-
BRDA:78,3,0,-
FN:86,ERC721.safeTransferFrom
FNDA:0,ERC721.safeTransferFrom
DA:89,0
DA:90,0
BRDA:90,4,1,-
BRDA:90,4,0,-
FN:98,ERC721.transferFrom
FNDA:0,ERC721.transferFrom
DA:101,0
BRDA:101,5,1,-
BRDA:101,5,0,-
DA:102,0
BRDA:102,6,1,-
BRDA:102,6,0,-
DA:103,0
BRDA:103,7,1,-
BRDA:103,7,0,-
DA:110,0
DA:111,0
DA:113,0
DA:114,0
DA:115,0
FNF:7
FNH:0
LF:22
LH:0
BRF:16
BRH:0
end_of_record
TN:
SF:test/mocks/MockERC4626.sol
FN:18,MockERC4626.totalAssets
FNDA:1,MockERC4626.totalAssets
DA:22,1
FN:25,MockERC4626.afterDeposit
FNDA:0,MockERC4626.afterDeposit
DA:28,0
FN:31,MockERC4626.beforeWithdraw
FNDA:1,MockERC4626.beforeWithdraw
DA:34,1
FNF:3
FNH:2
LF:3
LH:2
BRF:0
BRH:0
end_of_record
TN:
SF:test/mocks/MockWard.sol
FN:10,MockWard.protected
FNDA:0,MockWard.protected
DA:11,0
FNF:1
FNH:0
LF:1
LH:0
BRF:0
BRH:0
end_of_record
TN:
SF:test/mocks/MockPullPayment.sol
FN:7,MockPullPayment.deposit
FNDA:2,MockPullPayment.deposit
DA:8,2
FNF:1
FNH:1
LF:1
LH:1
BRF:0
BRH:0
end_of_record
TN:
SF:test/mocks/MockOwnable.sol
FN:10,MockOwnable.protected
FNDA:0,MockOwnable.protected
DA:11,0
FNF:1
FNH:0
LF:1
LH:0
BRF:0
BRH:0
end_of_record
TN:
SF:test/mocks/MockOwnableByNomination.sol
FN:10,MockOwnableByNomination.protected
FNDA:0,MockOwnableByNomination.protected
DA:11,0
FNF:1
FNH:0
LF:1
LH:0
BRF:0
BRH:0
end_of_record
